2020-03-04 09:24:53 [::1][-][-][warning][yii\i18n\PhpMessageSource::loadMessages] The message file for category 'easyii/programmes' does not exist: D:\wamp\www\GIT_VAIDX\demo.vaidongxuan.com\app\modules\programmes\messages/fr/admin.php
    in D:\wamp\www\GIT_VAIDX\demo.vaidongxuan.com\app\modules\programmes\models\Item.php:31
    in D:\wamp\www\GIT_VAIDX\demo.vaidongxuan.com\app\modules\programmes\api\Catalog.php:84
    in D:\wamp\www\GIT_VAIDX\demo.vaidongxuan.com\vendor\noumo\easyii\components\API.php:32
2020-03-04 09:24:52 [::1][-][-][info][application] $_COOKIE = [
    '_gcl_au' => '1.1.583052345.1581133752'
    '_fbp' => 'fb.1.1581133752533.1528902382'
    '_hjid' => '388e0411-5c0f-4233-8a91-04f027294b62'
    '_ga' => 'GA1.2.1030171834.1581133752'
]

$_SESSION = [
    '__flash' => []
    'ref' => null
    'projet' => [
        'programes' => [
            'select' => []
            'view' => []
        ]
        'exclusives' => [
            'select' => []
            'view' => []
        ]
    ]
]

$_SERVER = [
    'HTTP_HOST' => 'demo.vaidongxuan.local'
    'HTTP_CONNECTION' => 'keep-alive'
    'HTTP_USER_AGENT' => 'Mozilla/5.0 (Windows NT 10.0; Win64; x64) AppleWebKit/537.36 (KHTML, like Gecko) Chrome/80.0.3987.122 Safari/537.36'
    'HTTP_ACCEPT_ENCODING' => 'gzip, deflate'
    'HTTP_ACCEPT_LANGUAGE' => 'vi-VN,vi;q=0.9,fr-FR;q=0.8,fr;q=0.7,en-US;q=0.6,en;q=0.5,eo;q=0.4'
    'HTTP_COOKIE' => '_gcl_au=1.1.583052345.1581133752; _fbp=fb.1.1581133752533.1528902382; _hjid=388e0411-5c0f-4233-8a91-04f027294b62; _ga=GA1.2.1030171834.1581133752'
    'PATH' => 'C:\\ProgramData\\Oracle\\Java\\javapath;C:\\Windows\\system32;C:\\Windows;C:\\Windows\\System32\\Wbem;C:\\Windows\\System32\\WindowsPowerShell\\v1.0\\;C:\\Windows\\System32\\OpenSSH\\;C:\\Windows\\system32\\config\\systemprofile\\AppData\\Local\\Microsoft\\WindowsApps'
    'SystemRoot' => 'C:\\Windows'
    'COMSPEC' => 'C:\\Windows\\system32\\cmd.exe'
    'PATHEXT' => '.COM;.EXE;.BAT;.CMD;.VBS;.VBE;.JS;.JSE;.WSF;.WSH;.MSC'
    'WINDIR' => 'C:\\Windows'
    'SERVER_SIGNATURE' => '<address>Apache/2.4.39 (Win64) PHP/7.0.33 Server at demo.vaidongxuan.local Port 80</address>
'
    'SERVER_SOFTWARE' => 'Apache/2.4.39 (Win64) PHP/7.0.33'
    'SERVER_NAME' => 'demo.vaidongxuan.local'
    'SERVER_ADDR' => '::1'
    'SERVER_PORT' => '80'
    'REMOTE_ADDR' => '::1'
    'DOCUMENT_ROOT' => 'D:/wamp/www/GIT_VAIDX/demo.vaidongxuan.com'
    'REQUEST_SCHEME' => 'http'
    'CONTEXT_PREFIX' => ''
    'CONTEXT_DOCUMENT_ROOT' => 'D:/wamp/www/GIT_VAIDX/demo.vaidongxuan.com'
    'SERVER_ADMIN' => 'wampserver@wampserver.invalid'
    'SCRIPT_FILENAME' => 'D:/wamp/www/GIT_VAIDX/demo.vaidongxuan.com/index.php'
    'REMOTE_PORT' => '54558'
    'GATEWAY_INTERFACE' => 'CGI/1.1'
    'SERVER_PROTOCOL' => 'HTTP/1.1'
    'REQUEST_METHOD' => 'HEAD'
    'QUERY_STRING' => ''
    'REQUEST_URI' => '/'
    'SCRIPT_NAME' => '/index.php'
    'PHP_SELF' => '/index.php'
    'REQUEST_TIME_FLOAT' => 1583313892.262
    'REQUEST_TIME' => 1583313892
]
2020-03-04 09:25:05 [::1][-][-][warning][yii\i18n\PhpMessageSource::loadMessages] The message file for category 'easyii/programmes' does not exist: D:\wamp\www\GIT_VAIDX\demo.vaidongxuan.com\app\modules\programmes\messages/fr/admin.php
    in D:\wamp\www\GIT_VAIDX\demo.vaidongxuan.com\app\modules\programmes\models\Item.php:31
    in D:\wamp\www\GIT_VAIDX\demo.vaidongxuan.com\app\modules\programmes\api\Catalog.php:84
    in D:\wamp\www\GIT_VAIDX\demo.vaidongxuan.com\vendor\noumo\easyii\components\API.php:32
2020-03-04 09:25:05 [::1][-][-][info][application] $_COOKIE = [
    '_gcl_au' => '1.1.583052345.1581133752'
    '_fbp' => 'fb.1.1581133752533.1528902382'
    '_hjid' => '388e0411-5c0f-4233-8a91-04f027294b62'
    '_ga' => 'GA1.2.1030171834.1581133752'
]

$_SESSION = [
    '__flash' => []
    'ref' => 'http://localhost/'
    'projet' => [
        'programes' => [
            'select' => []
            'view' => []
        ]
        'exclusives' => [
            'select' => []
            'view' => []
        ]
    ]
]

$_SERVER = [
    'HTTP_HOST' => 'demo.vaidongxuan.local'
    'HTTP_CONNECTION' => 'keep-alive'
    'HTTP_UPGRADE_INSECURE_REQUESTS' => '1'
    'HTTP_USER_AGENT' => 'Mozilla/5.0 (Windows NT 10.0; Win64; x64) AppleWebKit/537.36 (KHTML, like Gecko) Chrome/80.0.3987.122 Safari/537.36'
    'HTTP_ACCEPT' => 'text/html,application/xhtml+xml,application/xml;q=0.9,image/webp,image/apng,*/*;q=0.8,application/signed-exchange;v=b3;q=0.9'
    'HTTP_REFERER' => 'http://localhost/'
    'HTTP_ACCEPT_ENCODING' => 'gzip, deflate'
    'HTTP_ACCEPT_LANGUAGE' => 'vi-VN,vi;q=0.9,fr-FR;q=0.8,fr;q=0.7,en-US;q=0.6,en;q=0.5,eo;q=0.4'
    'HTTP_COOKIE' => '_gcl_au=1.1.583052345.1581133752; _fbp=fb.1.1581133752533.1528902382; _hjid=388e0411-5c0f-4233-8a91-04f027294b62; _ga=GA1.2.1030171834.1581133752'
    'PATH' => 'C:\\ProgramData\\Oracle\\Java\\javapath;C:\\Windows\\system32;C:\\Windows;C:\\Windows\\System32\\Wbem;C:\\Windows\\System32\\WindowsPowerShell\\v1.0\\;C:\\Windows\\System32\\OpenSSH\\;C:\\Windows\\system32\\config\\systemprofile\\AppData\\Local\\Microsoft\\WindowsApps'
    'SystemRoot' => 'C:\\Windows'
    'COMSPEC' => 'C:\\Windows\\system32\\cmd.exe'
    'PATHEXT' => '.COM;.EXE;.BAT;.CMD;.VBS;.VBE;.JS;.JSE;.WSF;.WSH;.MSC'
    'WINDIR' => 'C:\\Windows'
    'SERVER_SIGNATURE' => '<address>Apache/2.4.39 (Win64) PHP/7.0.33 Server at demo.vaidongxuan.local Port 80</address>
'
    'SERVER_SOFTWARE' => 'Apache/2.4.39 (Win64) PHP/7.0.33'
    'SERVER_NAME' => 'demo.vaidongxuan.local'
    'SERVER_ADDR' => '::1'
    'SERVER_PORT' => '80'
    'REMOTE_ADDR' => '::1'
    'DOCUMENT_ROOT' => 'D:/wamp/www/GIT_VAIDX/demo.vaidongxuan.com'
    'REQUEST_SCHEME' => 'http'
    'CONTEXT_PREFIX' => ''
    'CONTEXT_DOCUMENT_ROOT' => 'D:/wamp/www/GIT_VAIDX/demo.vaidongxuan.com'
    'SERVER_ADMIN' => 'wampserver@wampserver.invalid'
    'SCRIPT_FILENAME' => 'D:/wamp/www/GIT_VAIDX/demo.vaidongxuan.com/index.php'
    'REMOTE_PORT' => '54576'
    'GATEWAY_INTERFACE' => 'CGI/1.1'
    'SERVER_PROTOCOL' => 'HTTP/1.1'
    'REQUEST_METHOD' => 'GET'
    'QUERY_STRING' => ''
    'REQUEST_URI' => '/'
    'SCRIPT_NAME' => '/index.php'
    'PHP_SELF' => '/index.php'
    'REQUEST_TIME_FLOAT' => 1583313905.18
    'REQUEST_TIME' => 1583313905
]
2020-03-04 09:25:17 [::1][-][-][warning][yii\i18n\PhpMessageSource::loadMessages] The message file for category 'easyii/programmes' does not exist: D:\wamp\www\GIT_VAIDX\demo.vaidongxuan.com\app\modules\programmes\messages/fr/admin.php
    in D:\wamp\www\GIT_VAIDX\demo.vaidongxuan.com\app\modules\programmes\models\Item.php:31
    in D:\wamp\www\GIT_VAIDX\demo.vaidongxuan.com\app\modules\programmes\api\Catalog.php:84
    in D:\wamp\www\GIT_VAIDX\demo.vaidongxuan.com\vendor\noumo\easyii\components\API.php:32
2020-03-04 09:25:17 [::1][-][-][info][application] $_GET = [
    'x' => 'kaki'
    'y' => 'den-kden06'
]

$_COOKIE = [
    '_gcl_au' => '1.1.583052345.1581133752'
    '_fbp' => 'fb.1.1581133752533.1528902382'
    '_hjid' => '388e0411-5c0f-4233-8a91-04f027294b62'
    '_ga' => 'GA1.2.1030171834.1581133752'
    'PHPSESSID' => '8m5mjf7dbs0a3ri7625ai7hgg0'
    '_csrf' => '41763c39395cc01b393d9a268b64fce22993b67c07dfd1259b174fe025f47769a:2:{i:0;s:5:\"_csrf\";i:1;s:32:\"hM9phNh6hwgxJBpRtJs-LoXNlmCVGFc6\";}'
    '_gid' => 'GA1.3.2029108455.1583313906'
    '_dc_gtm_UA-1454717-8' => '1'
    '_hjIncludedInSample' => '1'
]

$_SESSION = [
    '__flash' => []
    'ref' => 'http://localhost/'
    'projet' => [
        'programes' => [
            'select' => []
            'view' => []
        ]
        'exclusives' => [
            'select' => []
            'view' => []
        ]
    ]
]

$_SERVER = [
    'REDIRECT_STATUS' => '200'
    'HTTP_HOST' => 'demo.vaidongxuan.local'
    'HTTP_CONNECTION' => 'keep-alive'
    'HTTP_UPGRADE_INSECURE_REQUESTS' => '1'
    'HTTP_USER_AGENT' => 'Mozilla/5.0 (Windows NT 10.0; Win64; x64) AppleWebKit/537.36 (KHTML, like Gecko) Chrome/80.0.3987.122 Safari/537.36'
    'HTTP_ACCEPT' => 'text/html,application/xhtml+xml,application/xml;q=0.9,image/webp,image/apng,*/*;q=0.8,application/signed-exchange;v=b3;q=0.9'
    'HTTP_REFERER' => 'http://demo.vaidongxuan.local/'
    'HTTP_ACCEPT_ENCODING' => 'gzip, deflate'
    'HTTP_ACCEPT_LANGUAGE' => 'vi-VN,vi;q=0.9,fr-FR;q=0.8,fr;q=0.7,en-US;q=0.6,en;q=0.5,eo;q=0.4'
    'HTTP_COOKIE' => '_gcl_au=1.1.583052345.1581133752; _fbp=fb.1.1581133752533.1528902382; _hjid=388e0411-5c0f-4233-8a91-04f027294b62; _ga=GA1.2.1030171834.1581133752; PHPSESSID=8m5mjf7dbs0a3ri7625ai7hgg0; _csrf=41763c39395cc01b393d9a268b64fce22993b67c07dfd1259b174fe025f47769a%3A2%3A%7Bi%3A0%3Bs%3A5%3A%22_csrf%22%3Bi%3A1%3Bs%3A32%3A%22hM9phNh6hwgxJBpRtJs-LoXNlmCVGFc6%22%3B%7D; _ga=GA1.3.1030171834.1581133752; _gid=GA1.3.2029108455.1583313906; _dc_gtm_UA-1454717-8=1; _hjIncludedInSample=1'
    'PATH' => 'C:\\ProgramData\\Oracle\\Java\\javapath;C:\\Windows\\system32;C:\\Windows;C:\\Windows\\System32\\Wbem;C:\\Windows\\System32\\WindowsPowerShell\\v1.0\\;C:\\Windows\\System32\\OpenSSH\\;C:\\Windows\\system32\\config\\systemprofile\\AppData\\Local\\Microsoft\\WindowsApps'
    'SystemRoot' => 'C:\\Windows'
    'COMSPEC' => 'C:\\Windows\\system32\\cmd.exe'
    'PATHEXT' => '.COM;.EXE;.BAT;.CMD;.VBS;.VBE;.JS;.JSE;.WSF;.WSH;.MSC'
    'WINDIR' => 'C:\\Windows'
    'SERVER_SIGNATURE' => '<address>Apache/2.4.39 (Win64) PHP/7.0.33 Server at demo.vaidongxuan.local Port 80</address>
'
    'SERVER_SOFTWARE' => 'Apache/2.4.39 (Win64) PHP/7.0.33'
    'SERVER_NAME' => 'demo.vaidongxuan.local'
    'SERVER_ADDR' => '::1'
    'SERVER_PORT' => '80'
    'REMOTE_ADDR' => '::1'
    'DOCUMENT_ROOT' => 'D:/wamp/www/GIT_VAIDX/demo.vaidongxuan.com'
    'REQUEST_SCHEME' => 'http'
    'CONTEXT_PREFIX' => ''
    'CONTEXT_DOCUMENT_ROOT' => 'D:/wamp/www/GIT_VAIDX/demo.vaidongxuan.com'
    'SERVER_ADMIN' => 'wampserver@wampserver.invalid'
    'SCRIPT_FILENAME' => 'D:/wamp/www/GIT_VAIDX/demo.vaidongxuan.com/index.php'
    'REMOTE_PORT' => '54596'
    'REDIRECT_URL' => '/san-pham/kaki/den-kden06'
    'GATEWAY_INTERFACE' => 'CGI/1.1'
    'SERVER_PROTOCOL' => 'HTTP/1.1'
    'REQUEST_METHOD' => 'GET'
    'QUERY_STRING' => ''
    'REQUEST_URI' => '/san-pham/kaki/den-kden06'
    'SCRIPT_NAME' => '/index.php'
    'PHP_SELF' => '/index.php'
    'REQUEST_TIME_FLOAT' => 1583313917.476
    'REQUEST_TIME' => 1583313917
]
2020-03-04 09:25:22 [::1][-][-][warning][yii\i18n\PhpMessageSource::loadMessages] The message file for category 'easyii/programmes' does not exist: D:\wamp\www\GIT_VAIDX\demo.vaidongxuan.com\app\modules\programmes\messages/fr/admin.php
    in D:\wamp\www\GIT_VAIDX\demo.vaidongxuan.com\app\modules\programmes\models\Item.php:31
    in D:\wamp\www\GIT_VAIDX\demo.vaidongxuan.com\app\modules\programmes\api\Catalog.php:84
    in D:\wamp\www\GIT_VAIDX\demo.vaidongxuan.com\vendor\noumo\easyii\components\API.php:32
2020-03-04 09:25:22 [::1][-][-][info][application] $_COOKIE = [
    '_gcl_au' => '1.1.583052345.1581133752'
    '_fbp' => 'fb.1.1581133752533.1528902382'
    '_hjid' => '388e0411-5c0f-4233-8a91-04f027294b62'
    '_ga' => 'GA1.2.1030171834.1581133752'
    'PHPSESSID' => '8m5mjf7dbs0a3ri7625ai7hgg0'
    '_csrf' => '41763c39395cc01b393d9a268b64fce22993b67c07dfd1259b174fe025f47769a:2:{i:0;s:5:\"_csrf\";i:1;s:32:\"hM9phNh6hwgxJBpRtJs-LoXNlmCVGFc6\";}'
    '_gid' => 'GA1.3.2029108455.1583313906'
    '_dc_gtm_UA-1454717-8' => '1'
    '_hjIncludedInSample' => '1'
    '_gat_UA-1454717-8' => '1'
]

$_SESSION = [
    '__flash' => []
    'ref' => 'http://localhost/'
    'projet' => [
        'programes' => [
            'select' => []
            'view' => []
        ]
        'exclusives' => [
            'select' => []
            'view' => []
        ]
    ]
]

$_SERVER = [
    'HTTP_HOST' => 'demo.vaidongxuan.local'
    'HTTP_CONNECTION' => 'keep-alive'
    'HTTP_UPGRADE_INSECURE_REQUESTS' => '1'
    'HTTP_USER_AGENT' => 'Mozilla/5.0 (Windows NT 10.0; Win64; x64) AppleWebKit/537.36 (KHTML, like Gecko) Chrome/80.0.3987.122 Safari/537.36'
    'HTTP_ACCEPT' => 'text/html,application/xhtml+xml,application/xml;q=0.9,image/webp,image/apng,*/*;q=0.8,application/signed-exchange;v=b3;q=0.9'
    'HTTP_REFERER' => 'http://demo.vaidongxuan.local/san-pham/kaki/den-kden06'
    'HTTP_ACCEPT_ENCODING' => 'gzip, deflate'
    'HTTP_ACCEPT_LANGUAGE' => 'vi-VN,vi;q=0.9,fr-FR;q=0.8,fr;q=0.7,en-US;q=0.6,en;q=0.5,eo;q=0.4'
    'HTTP_COOKIE' => '_gcl_au=1.1.583052345.1581133752; _fbp=fb.1.1581133752533.1528902382; _hjid=388e0411-5c0f-4233-8a91-04f027294b62; _ga=GA1.2.1030171834.1581133752; PHPSESSID=8m5mjf7dbs0a3ri7625ai7hgg0; _csrf=41763c39395cc01b393d9a268b64fce22993b67c07dfd1259b174fe025f47769a%3A2%3A%7Bi%3A0%3Bs%3A5%3A%22_csrf%22%3Bi%3A1%3Bs%3A32%3A%22hM9phNh6hwgxJBpRtJs-LoXNlmCVGFc6%22%3B%7D; _ga=GA1.3.1030171834.1581133752; _gid=GA1.3.2029108455.1583313906; _dc_gtm_UA-1454717-8=1; _hjIncludedInSample=1; _gid=GA1.2.2029108455.1583313906; _gat_UA-1454717-8=1'
    'PATH' => 'C:\\ProgramData\\Oracle\\Java\\javapath;C:\\Windows\\system32;C:\\Windows;C:\\Windows\\System32\\Wbem;C:\\Windows\\System32\\WindowsPowerShell\\v1.0\\;C:\\Windows\\System32\\OpenSSH\\;C:\\Windows\\system32\\config\\systemprofile\\AppData\\Local\\Microsoft\\WindowsApps'
    'SystemRoot' => 'C:\\Windows'
    'COMSPEC' => 'C:\\Windows\\system32\\cmd.exe'
    'PATHEXT' => '.COM;.EXE;.BAT;.CMD;.VBS;.VBE;.JS;.JSE;.WSF;.WSH;.MSC'
    'WINDIR' => 'C:\\Windows'
    'SERVER_SIGNATURE' => '<address>Apache/2.4.39 (Win64) PHP/7.0.33 Server at demo.vaidongxuan.local Port 80</address>
'
    'SERVER_SOFTWARE' => 'Apache/2.4.39 (Win64) PHP/7.0.33'
    'SERVER_NAME' => 'demo.vaidongxuan.local'
    'SERVER_ADDR' => '::1'
    'SERVER_PORT' => '80'
    'REMOTE_ADDR' => '::1'
    'DOCUMENT_ROOT' => 'D:/wamp/www/GIT_VAIDX/demo.vaidongxuan.com'
    'REQUEST_SCHEME' => 'http'
    'CONTEXT_PREFIX' => ''
    'CONTEXT_DOCUMENT_ROOT' => 'D:/wamp/www/GIT_VAIDX/demo.vaidongxuan.com'
    'SERVER_ADMIN' => 'wampserver@wampserver.invalid'
    'SCRIPT_FILENAME' => 'D:/wamp/www/GIT_VAIDX/demo.vaidongxuan.com/index.php'
    'REMOTE_PORT' => '54616'
    'GATEWAY_INTERFACE' => 'CGI/1.1'
    'SERVER_PROTOCOL' => 'HTTP/1.1'
    'REQUEST_METHOD' => 'GET'
    'QUERY_STRING' => ''
    'REQUEST_URI' => '/'
    'SCRIPT_NAME' => '/index.php'
    'PHP_SELF' => '/index.php'
    'REQUEST_TIME_FLOAT' => 1583313922.535
    'REQUEST_TIME' => 1583313922
]
2020-03-04 09:25:24 [::1][-][-][warning][yii\i18n\PhpMessageSource::loadMessages] The message file for category 'easyii/programmes' does not exist: D:\wamp\www\GIT_VAIDX\demo.vaidongxuan.com\app\modules\programmes\messages/fr/admin.php
    in D:\wamp\www\GIT_VAIDX\demo.vaidongxuan.com\app\modules\programmes\models\Item.php:31
    in D:\wamp\www\GIT_VAIDX\demo.vaidongxuan.com\app\modules\programmes\api\Catalog.php:84
    in D:\wamp\www\GIT_VAIDX\demo.vaidongxuan.com\vendor\noumo\easyii\components\API.php:32
2020-03-04 09:25:24 [::1][-][-][info][application] $_GET = [
    'x' => 'vai-tho'
    'y' => 'den-tden003'
]

$_COOKIE = [
    '_gcl_au' => '1.1.583052345.1581133752'
    '_fbp' => 'fb.1.1581133752533.1528902382'
    '_hjid' => '388e0411-5c0f-4233-8a91-04f027294b62'
    '_ga' => 'GA1.2.1030171834.1581133752'
    'PHPSESSID' => '8m5mjf7dbs0a3ri7625ai7hgg0'
    '_csrf' => '41763c39395cc01b393d9a268b64fce22993b67c07dfd1259b174fe025f47769a:2:{i:0;s:5:\"_csrf\";i:1;s:32:\"hM9phNh6hwgxJBpRtJs-LoXNlmCVGFc6\";}'
    '_gid' => 'GA1.3.2029108455.1583313906'
    '_dc_gtm_UA-1454717-8' => '1'
    '_hjIncludedInSample' => '1'
    '_gat_UA-1454717-8' => '1'
]

$_SESSION = [
    '__flash' => []
    'ref' => 'http://localhost/'
    'projet' => [
        'programes' => [
            'select' => []
            'view' => []
        ]
        'exclusives' => [
            'select' => []
            'view' => []
        ]
    ]
]

$_SERVER = [
    'REDIRECT_STATUS' => '200'
    'HTTP_HOST' => 'demo.vaidongxuan.local'
    'HTTP_CONNECTION' => 'keep-alive'
    'HTTP_UPGRADE_INSECURE_REQUESTS' => '1'
    'HTTP_USER_AGENT' => 'Mozilla/5.0 (Windows NT 10.0; Win64; x64) AppleWebKit/537.36 (KHTML, like Gecko) Chrome/80.0.3987.122 Safari/537.36'
    'HTTP_ACCEPT' => 'text/html,application/xhtml+xml,application/xml;q=0.9,image/webp,image/apng,*/*;q=0.8,application/signed-exchange;v=b3;q=0.9'
    'HTTP_REFERER' => 'http://demo.vaidongxuan.local/'
    'HTTP_ACCEPT_ENCODING' => 'gzip, deflate'
    'HTTP_ACCEPT_LANGUAGE' => 'vi-VN,vi;q=0.9,fr-FR;q=0.8,fr;q=0.7,en-US;q=0.6,en;q=0.5,eo;q=0.4'
    'HTTP_COOKIE' => '_gcl_au=1.1.583052345.1581133752; _fbp=fb.1.1581133752533.1528902382; _hjid=388e0411-5c0f-4233-8a91-04f027294b62; _ga=GA1.2.1030171834.1581133752; PHPSESSID=8m5mjf7dbs0a3ri7625ai7hgg0; _csrf=41763c39395cc01b393d9a268b64fce22993b67c07dfd1259b174fe025f47769a%3A2%3A%7Bi%3A0%3Bs%3A5%3A%22_csrf%22%3Bi%3A1%3Bs%3A32%3A%22hM9phNh6hwgxJBpRtJs-LoXNlmCVGFc6%22%3B%7D; _ga=GA1.3.1030171834.1581133752; _gid=GA1.3.2029108455.1583313906; _dc_gtm_UA-1454717-8=1; _hjIncludedInSample=1; _gid=GA1.2.2029108455.1583313906; _gat_UA-1454717-8=1'
    'PATH' => 'C:\\ProgramData\\Oracle\\Java\\javapath;C:\\Windows\\system32;C:\\Windows;C:\\Windows\\System32\\Wbem;C:\\Windows\\System32\\WindowsPowerShell\\v1.0\\;C:\\Windows\\System32\\OpenSSH\\;C:\\Windows\\system32\\config\\systemprofile\\AppData\\Local\\Microsoft\\WindowsApps'
    'SystemRoot' => 'C:\\Windows'
    'COMSPEC' => 'C:\\Windows\\system32\\cmd.exe'
    'PATHEXT' => '.COM;.EXE;.BAT;.CMD;.VBS;.VBE;.JS;.JSE;.WSF;.WSH;.MSC'
    'WINDIR' => 'C:\\Windows'
    'SERVER_SIGNATURE' => '<address>Apache/2.4.39 (Win64) PHP/7.0.33 Server at demo.vaidongxuan.local Port 80</address>
'
    'SERVER_SOFTWARE' => 'Apache/2.4.39 (Win64) PHP/7.0.33'
    'SERVER_NAME' => 'demo.vaidongxuan.local'
    'SERVER_ADDR' => '::1'
    'SERVER_PORT' => '80'
    'REMOTE_ADDR' => '::1'
    'DOCUMENT_ROOT' => 'D:/wamp/www/GIT_VAIDX/demo.vaidongxuan.com'
    'REQUEST_SCHEME' => 'http'
    'CONTEXT_PREFIX' => ''
    'CONTEXT_DOCUMENT_ROOT' => 'D:/wamp/www/GIT_VAIDX/demo.vaidongxuan.com'
    'SERVER_ADMIN' => 'wampserver@wampserver.invalid'
    'SCRIPT_FILENAME' => 'D:/wamp/www/GIT_VAIDX/demo.vaidongxuan.com/index.php'
    'REMOTE_PORT' => '54616'
    'REDIRECT_URL' => '/san-pham/vai-tho/den-tden003'
    'GATEWAY_INTERFACE' => 'CGI/1.1'
    'SERVER_PROTOCOL' => 'HTTP/1.1'
    'REQUEST_METHOD' => 'GET'
    'QUERY_STRING' => ''
    'REQUEST_URI' => '/san-pham/vai-tho/den-tden003'
    'SCRIPT_NAME' => '/index.php'
    'PHP_SELF' => '/index.php'
    'REQUEST_TIME_FLOAT' => 1583313924.685
    'REQUEST_TIME' => 1583313924
]
2020-03-04 09:25:34 [::1][-][-][warning][yii\i18n\PhpMessageSource::loadMessages] The message file for category 'easyii/programmes' does not exist: D:\wamp\www\GIT_VAIDX\demo.vaidongxuan.com\app\modules\programmes\messages/fr/admin.php
    in D:\wamp\www\GIT_VAIDX\demo.vaidongxuan.com\app\modules\programmes\models\Item.php:31
    in D:\wamp\www\GIT_VAIDX\demo.vaidongxuan.com\app\modules\programmes\api\Catalog.php:84
    in D:\wamp\www\GIT_VAIDX\demo.vaidongxuan.com\vendor\noumo\easyii\components\API.php:32
2020-03-04 09:25:34 [::1][-][-][info][application] $_COOKIE = [
    '_gcl_au' => '1.1.583052345.1581133752'
    '_fbp' => 'fb.1.1581133752533.1528902382'
    '_hjid' => '388e0411-5c0f-4233-8a91-04f027294b62'
    '_ga' => 'GA1.2.1030171834.1581133752'
    'PHPSESSID' => '8m5mjf7dbs0a3ri7625ai7hgg0'
    '_csrf' => '41763c39395cc01b393d9a268b64fce22993b67c07dfd1259b174fe025f47769a:2:{i:0;s:5:\"_csrf\";i:1;s:32:\"hM9phNh6hwgxJBpRtJs-LoXNlmCVGFc6\";}'
    '_gid' => 'GA1.3.2029108455.1583313906'
    '_dc_gtm_UA-1454717-8' => '1'
    '_hjIncludedInSample' => '1'
    '_gat_UA-1454717-8' => '1'
]

$_SESSION = [
    '__flash' => []
    'ref' => 'http://localhost/'
    'projet' => [
        'programes' => [
            'select' => []
            'view' => []
        ]
        'exclusives' => [
            'select' => []
            'view' => []
        ]
    ]
]

$_SERVER = [
    'HTTP_HOST' => 'demo.vaidongxuan.local'
    'HTTP_CONNECTION' => 'keep-alive'
    'HTTP_UPGRADE_INSECURE_REQUESTS' => '1'
    'HTTP_USER_AGENT' => 'Mozilla/5.0 (Windows NT 10.0; Win64; x64) AppleWebKit/537.36 (KHTML, like Gecko) Chrome/80.0.3987.122 Safari/537.36'
    'HTTP_ACCEPT' => 'text/html,application/xhtml+xml,application/xml;q=0.9,image/webp,image/apng,*/*;q=0.8,application/signed-exchange;v=b3;q=0.9'
    'HTTP_REFERER' => 'http://demo.vaidongxuan.local/san-pham/kaki/den-kden06'
    'HTTP_ACCEPT_ENCODING' => 'gzip, deflate'
    'HTTP_ACCEPT_LANGUAGE' => 'vi-VN,vi;q=0.9,fr-FR;q=0.8,fr;q=0.7,en-US;q=0.6,en;q=0.5,eo;q=0.4'
    'HTTP_COOKIE' => '_gcl_au=1.1.583052345.1581133752; _fbp=fb.1.1581133752533.1528902382; _hjid=388e0411-5c0f-4233-8a91-04f027294b62; _ga=GA1.2.1030171834.1581133752; PHPSESSID=8m5mjf7dbs0a3ri7625ai7hgg0; _csrf=41763c39395cc01b393d9a268b64fce22993b67c07dfd1259b174fe025f47769a%3A2%3A%7Bi%3A0%3Bs%3A5%3A%22_csrf%22%3Bi%3A1%3Bs%3A32%3A%22hM9phNh6hwgxJBpRtJs-LoXNlmCVGFc6%22%3B%7D; _ga=GA1.3.1030171834.1581133752; _gid=GA1.3.2029108455.1583313906; _dc_gtm_UA-1454717-8=1; _hjIncludedInSample=1; _gid=GA1.2.2029108455.1583313906; _gat_UA-1454717-8=1'
    'PATH' => 'C:\\ProgramData\\Oracle\\Java\\javapath;C:\\Windows\\system32;C:\\Windows;C:\\Windows\\System32\\Wbem;C:\\Windows\\System32\\WindowsPowerShell\\v1.0\\;C:\\Windows\\System32\\OpenSSH\\;C:\\Windows\\system32\\config\\systemprofile\\AppData\\Local\\Microsoft\\WindowsApps'
    'SystemRoot' => 'C:\\Windows'
    'COMSPEC' => 'C:\\Windows\\system32\\cmd.exe'
    'PATHEXT' => '.COM;.EXE;.BAT;.CMD;.VBS;.VBE;.JS;.JSE;.WSF;.WSH;.MSC'
    'WINDIR' => 'C:\\Windows'
    'SERVER_SIGNATURE' => '<address>Apache/2.4.39 (Win64) PHP/7.0.33 Server at demo.vaidongxuan.local Port 80</address>
'
    'SERVER_SOFTWARE' => 'Apache/2.4.39 (Win64) PHP/7.0.33'
    'SERVER_NAME' => 'demo.vaidongxuan.local'
    'SERVER_ADDR' => '::1'
    'SERVER_PORT' => '80'
    'REMOTE_ADDR' => '::1'
    'DOCUMENT_ROOT' => 'D:/wamp/www/GIT_VAIDX/demo.vaidongxuan.com'
    'REQUEST_SCHEME' => 'http'
    'CONTEXT_PREFIX' => ''
    'CONTEXT_DOCUMENT_ROOT' => 'D:/wamp/www/GIT_VAIDX/demo.vaidongxuan.com'
    'SERVER_ADMIN' => 'wampserver@wampserver.invalid'
    'SCRIPT_FILENAME' => 'D:/wamp/www/GIT_VAIDX/demo.vaidongxuan.com/index.php'
    'REMOTE_PORT' => '54638'
    'GATEWAY_INTERFACE' => 'CGI/1.1'
    'SERVER_PROTOCOL' => 'HTTP/1.1'
    'REQUEST_METHOD' => 'GET'
    'QUERY_STRING' => ''
    'REQUEST_URI' => '/'
    'SCRIPT_NAME' => '/index.php'
    'PHP_SELF' => '/index.php'
    'REQUEST_TIME_FLOAT' => 1583313934.551
    'REQUEST_TIME' => 1583313934
]
2020-03-04 09:25:36 [::1][-][-][warning][yii\i18n\PhpMessageSource::loadMessages] The message file for category 'easyii/programmes' does not exist: D:\wamp\www\GIT_VAIDX\demo.vaidongxuan.com\app\modules\programmes\messages/fr/admin.php
    in D:\wamp\www\GIT_VAIDX\demo.vaidongxuan.com\app\modules\programmes\models\Item.php:31
    in D:\wamp\www\GIT_VAIDX\demo.vaidongxuan.com\app\modules\programmes\api\Catalog.php:84
    in D:\wamp\www\GIT_VAIDX\demo.vaidongxuan.com\vendor\noumo\easyii\components\API.php:32
2020-03-04 09:25:36 [::1][-][-][info][application] $_GET = [
    'x' => 'vai-tho'
    'y' => 'den-tden003'
]

$_COOKIE = [
    '_gcl_au' => '1.1.583052345.1581133752'
    '_fbp' => 'fb.1.1581133752533.1528902382'
    '_hjid' => '388e0411-5c0f-4233-8a91-04f027294b62'
    '_ga' => 'GA1.2.1030171834.1581133752'
    'PHPSESSID' => '8m5mjf7dbs0a3ri7625ai7hgg0'
    '_csrf' => '41763c39395cc01b393d9a268b64fce22993b67c07dfd1259b174fe025f47769a:2:{i:0;s:5:\"_csrf\";i:1;s:32:\"hM9phNh6hwgxJBpRtJs-LoXNlmCVGFc6\";}'
    '_gid' => 'GA1.3.2029108455.1583313906'
    '_dc_gtm_UA-1454717-8' => '1'
    '_hjIncludedInSample' => '1'
    '_gat_UA-1454717-8' => '1'
]

$_SESSION = [
    '__flash' => []
    'ref' => 'http://localhost/'
    'projet' => [
        'programes' => [
            'select' => []
            'view' => []
        ]
        'exclusives' => [
            'select' => []
            'view' => []
        ]
    ]
]

$_SERVER = [
    'REDIRECT_STATUS' => '200'
    'HTTP_HOST' => 'demo.vaidongxuan.local'
    'HTTP_CONNECTION' => 'keep-alive'
    'HTTP_UPGRADE_INSECURE_REQUESTS' => '1'
    'HTTP_USER_AGENT' => 'Mozilla/5.0 (Windows NT 10.0; Win64; x64) AppleWebKit/537.36 (KHTML, like Gecko) Chrome/80.0.3987.122 Safari/537.36'
    'HTTP_ACCEPT' => 'text/html,application/xhtml+xml,application/xml;q=0.9,image/webp,image/apng,*/*;q=0.8,application/signed-exchange;v=b3;q=0.9'
    'HTTP_REFERER' => 'http://demo.vaidongxuan.local/'
    'HTTP_ACCEPT_ENCODING' => 'gzip, deflate'
    'HTTP_ACCEPT_LANGUAGE' => 'vi-VN,vi;q=0.9,fr-FR;q=0.8,fr;q=0.7,en-US;q=0.6,en;q=0.5,eo;q=0.4'
    'HTTP_COOKIE' => '_gcl_au=1.1.583052345.1581133752; _fbp=fb.1.1581133752533.1528902382; _hjid=388e0411-5c0f-4233-8a91-04f027294b62; _ga=GA1.2.1030171834.1581133752; PHPSESSID=8m5mjf7dbs0a3ri7625ai7hgg0; _csrf=41763c39395cc01b393d9a268b64fce22993b67c07dfd1259b174fe025f47769a%3A2%3A%7Bi%3A0%3Bs%3A5%3A%22_csrf%22%3Bi%3A1%3Bs%3A32%3A%22hM9phNh6hwgxJBpRtJs-LoXNlmCVGFc6%22%3B%7D; _ga=GA1.3.1030171834.1581133752; _gid=GA1.3.2029108455.1583313906; _dc_gtm_UA-1454717-8=1; _hjIncludedInSample=1; _gid=GA1.2.2029108455.1583313906; _gat_UA-1454717-8=1'
    'PATH' => 'C:\\ProgramData\\Oracle\\Java\\javapath;C:\\Windows\\system32;C:\\Windows;C:\\Windows\\System32\\Wbem;C:\\Windows\\System32\\WindowsPowerShell\\v1.0\\;C:\\Windows\\System32\\OpenSSH\\;C:\\Windows\\system32\\config\\systemprofile\\AppData\\Local\\Microsoft\\WindowsApps'
    'SystemRoot' => 'C:\\Windows'
    'COMSPEC' => 'C:\\Windows\\system32\\cmd.exe'
    'PATHEXT' => '.COM;.EXE;.BAT;.CMD;.VBS;.VBE;.JS;.JSE;.WSF;.WSH;.MSC'
    'WINDIR' => 'C:\\Windows'
    'SERVER_SIGNATURE' => '<address>Apache/2.4.39 (Win64) PHP/7.0.33 Server at demo.vaidongxuan.local Port 80</address>
'
    'SERVER_SOFTWARE' => 'Apache/2.4.39 (Win64) PHP/7.0.33'
    'SERVER_NAME' => 'demo.vaidongxuan.local'
    'SERVER_ADDR' => '::1'
    'SERVER_PORT' => '80'
    'REMOTE_ADDR' => '::1'
    'DOCUMENT_ROOT' => 'D:/wamp/www/GIT_VAIDX/demo.vaidongxuan.com'
    'REQUEST_SCHEME' => 'http'
    'CONTEXT_PREFIX' => ''
    'CONTEXT_DOCUMENT_ROOT' => 'D:/wamp/www/GIT_VAIDX/demo.vaidongxuan.com'
    'SERVER_ADMIN' => 'wampserver@wampserver.invalid'
    'SCRIPT_FILENAME' => 'D:/wamp/www/GIT_VAIDX/demo.vaidongxuan.com/index.php'
    'REMOTE_PORT' => '54638'
    'REDIRECT_URL' => '/san-pham/vai-tho/den-tden003'
    'GATEWAY_INTERFACE' => 'CGI/1.1'
    'SERVER_PROTOCOL' => 'HTTP/1.1'
    'REQUEST_METHOD' => 'GET'
    'QUERY_STRING' => ''
    'REQUEST_URI' => '/san-pham/vai-tho/den-tden003'
    'SCRIPT_NAME' => '/index.php'
    'PHP_SELF' => '/index.php'
    'REQUEST_TIME_FLOAT' => 1583313936.523
    'REQUEST_TIME' => 1583313936
]
2020-03-04 09:25:56 [::1][-][-][warning][yii\i18n\PhpMessageSource::loadMessages] The message file for category 'easyii/programmes' does not exist: D:\wamp\www\GIT_VAIDX\demo.vaidongxuan.com\app\modules\programmes\messages/fr/admin.php
    in D:\wamp\www\GIT_VAIDX\demo.vaidongxuan.com\app\modules\programmes\models\Item.php:31
    in D:\wamp\www\GIT_VAIDX\demo.vaidongxuan.com\app\modules\programmes\api\Catalog.php:84
    in D:\wamp\www\GIT_VAIDX\demo.vaidongxuan.com\vendor\noumo\easyii\components\API.php:32
2020-03-04 09:25:56 [::1][-][-][info][application] $_COOKIE = [
    '_gcl_au' => '1.1.583052345.1581133752'
    '_fbp' => 'fb.1.1581133752533.1528902382'
    '_hjid' => '388e0411-5c0f-4233-8a91-04f027294b62'
    '_ga' => 'GA1.2.1030171834.1581133752'
    'PHPSESSID' => '8m5mjf7dbs0a3ri7625ai7hgg0'
    '_csrf' => '41763c39395cc01b393d9a268b64fce22993b67c07dfd1259b174fe025f47769a:2:{i:0;s:5:\"_csrf\";i:1;s:32:\"hM9phNh6hwgxJBpRtJs-LoXNlmCVGFc6\";}'
    '_gid' => 'GA1.3.2029108455.1583313906'
    '_dc_gtm_UA-1454717-8' => '1'
    '_hjIncludedInSample' => '1'
    '_gat_UA-1454717-8' => '1'
]

$_SESSION = [
    '__flash' => []
    'ref' => 'http://localhost/'
    'projet' => [
        'programes' => [
            'select' => []
            'view' => []
        ]
        'exclusives' => [
            'select' => []
            'view' => []
        ]
    ]
]

$_SERVER = [
    'HTTP_HOST' => 'demo.vaidongxuan.local'
    'HTTP_CONNECTION' => 'keep-alive'
    'HTTP_UPGRADE_INSECURE_REQUESTS' => '1'
    'HTTP_USER_AGENT' => 'Mozilla/5.0 (Windows NT 10.0; Win64; x64) AppleWebKit/537.36 (KHTML, like Gecko) Chrome/80.0.3987.122 Safari/537.36'
    'HTTP_ACCEPT' => 'text/html,application/xhtml+xml,application/xml;q=0.9,image/webp,image/apng,*/*;q=0.8,application/signed-exchange;v=b3;q=0.9'
    'HTTP_REFERER' => 'http://demo.vaidongxuan.local/san-pham/vai-tho/den-tden003'
    'HTTP_ACCEPT_ENCODING' => 'gzip, deflate'
    'HTTP_ACCEPT_LANGUAGE' => 'vi-VN,vi;q=0.9,fr-FR;q=0.8,fr;q=0.7,en-US;q=0.6,en;q=0.5,eo;q=0.4'
    'HTTP_COOKIE' => '_gcl_au=1.1.583052345.1581133752; _fbp=fb.1.1581133752533.1528902382; _hjid=388e0411-5c0f-4233-8a91-04f027294b62; _ga=GA1.2.1030171834.1581133752; PHPSESSID=8m5mjf7dbs0a3ri7625ai7hgg0; _csrf=41763c39395cc01b393d9a268b64fce22993b67c07dfd1259b174fe025f47769a%3A2%3A%7Bi%3A0%3Bs%3A5%3A%22_csrf%22%3Bi%3A1%3Bs%3A32%3A%22hM9phNh6hwgxJBpRtJs-LoXNlmCVGFc6%22%3B%7D; _ga=GA1.3.1030171834.1581133752; _gid=GA1.3.2029108455.1583313906; _dc_gtm_UA-1454717-8=1; _hjIncludedInSample=1; _gid=GA1.2.2029108455.1583313906; _gat_UA-1454717-8=1'
    'PATH' => 'C:\\ProgramData\\Oracle\\Java\\javapath;C:\\Windows\\system32;C:\\Windows;C:\\Windows\\System32\\Wbem;C:\\Windows\\System32\\WindowsPowerShell\\v1.0\\;C:\\Windows\\System32\\OpenSSH\\;C:\\Windows\\system32\\config\\systemprofile\\AppData\\Local\\Microsoft\\WindowsApps'
    'SystemRoot' => 'C:\\Windows'
    'COMSPEC' => 'C:\\Windows\\system32\\cmd.exe'
    'PATHEXT' => '.COM;.EXE;.BAT;.CMD;.VBS;.VBE;.JS;.JSE;.WSF;.WSH;.MSC'
    'WINDIR' => 'C:\\Windows'
    'SERVER_SIGNATURE' => '<address>Apache/2.4.39 (Win64) PHP/7.0.33 Server at demo.vaidongxuan.local Port 80</address>
'
    'SERVER_SOFTWARE' => 'Apache/2.4.39 (Win64) PHP/7.0.33'
    'SERVER_NAME' => 'demo.vaidongxuan.local'
    'SERVER_ADDR' => '::1'
    'SERVER_PORT' => '80'
    'REMOTE_ADDR' => '::1'
    'DOCUMENT_ROOT' => 'D:/wamp/www/GIT_VAIDX/demo.vaidongxuan.com'
    'REQUEST_SCHEME' => 'http'
    'CONTEXT_PREFIX' => ''
    'CONTEXT_DOCUMENT_ROOT' => 'D:/wamp/www/GIT_VAIDX/demo.vaidongxuan.com'
    'SERVER_ADMIN' => 'wampserver@wampserver.invalid'
    'SCRIPT_FILENAME' => 'D:/wamp/www/GIT_VAIDX/demo.vaidongxuan.com/index.php'
    'REMOTE_PORT' => '54664'
    'GATEWAY_INTERFACE' => 'CGI/1.1'
    'SERVER_PROTOCOL' => 'HTTP/1.1'
    'REQUEST_METHOD' => 'GET'
    'QUERY_STRING' => ''
    'REQUEST_URI' => '/'
    'SCRIPT_NAME' => '/index.php'
    'PHP_SELF' => '/index.php'
    'REQUEST_TIME_FLOAT' => 1583313956.507
    'REQUEST_TIME' => 1583313956
]
2020-03-04 09:26:17 [::1][-][-][warning][yii\i18n\PhpMessageSource::loadMessages] The message file for category 'easyii/programmes' does not exist: D:\wamp\www\GIT_VAIDX\demo.vaidongxuan.com\app\modules\programmes\messages/fr/admin.php
    in D:\wamp\www\GIT_VAIDX\demo.vaidongxuan.com\app\modules\programmes\models\Item.php:31
    in D:\wamp\www\GIT_VAIDX\demo.vaidongxuan.com\app\modules\programmes\api\Catalog.php:84
    in D:\wamp\www\GIT_VAIDX\demo.vaidongxuan.com\vendor\noumo\easyii\components\API.php:32
2020-03-04 09:26:17 [::1][-][-][info][application] $_GET = [
    'x' => 'vai-tho'
    'y' => 'den-tden003'
]

$_COOKIE = [
    '_gcl_au' => '1.1.583052345.1581133752'
    '_fbp' => 'fb.1.1581133752533.1528902382'
    '_hjid' => '388e0411-5c0f-4233-8a91-04f027294b62'
    '_ga' => 'GA1.2.1030171834.1581133752'
    'PHPSESSID' => '8m5mjf7dbs0a3ri7625ai7hgg0'
    '_csrf' => '41763c39395cc01b393d9a268b64fce22993b67c07dfd1259b174fe025f47769a:2:{i:0;s:5:\"_csrf\";i:1;s:32:\"hM9phNh6hwgxJBpRtJs-LoXNlmCVGFc6\";}'
    '_gid' => 'GA1.3.2029108455.1583313906'
    '_hjIncludedInSample' => '1'
    '_gat_UA-1454717-8' => '1'
]

$_SESSION = [
    '__flash' => []
    'ref' => 'http://localhost/'
    'projet' => [
        'programes' => [
            'select' => []
            'view' => []
        ]
        'exclusives' => [
            'select' => []
            'view' => []
        ]
    ]
]

$_SERVER = [
    'REDIRECT_STATUS' => '200'
    'HTTP_HOST' => 'demo.vaidongxuan.local'
    'HTTP_CONNECTION' => 'keep-alive'
    'HTTP_UPGRADE_INSECURE_REQUESTS' => '1'
    'HTTP_USER_AGENT' => 'Mozilla/5.0 (Windows NT 10.0; Win64; x64) AppleWebKit/537.36 (KHTML, like Gecko) Chrome/80.0.3987.122 Safari/537.36'
    'HTTP_ACCEPT' => 'text/html,application/xhtml+xml,application/xml;q=0.9,image/webp,image/apng,*/*;q=0.8,application/signed-exchange;v=b3;q=0.9'
    'HTTP_REFERER' => 'http://demo.vaidongxuan.local/'
    'HTTP_ACCEPT_ENCODING' => 'gzip, deflate'
    'HTTP_ACCEPT_LANGUAGE' => 'vi-VN,vi;q=0.9,fr-FR;q=0.8,fr;q=0.7,en-US;q=0.6,en;q=0.5,eo;q=0.4'
    'HTTP_COOKIE' => '_gcl_au=1.1.583052345.1581133752; _fbp=fb.1.1581133752533.1528902382; _hjid=388e0411-5c0f-4233-8a91-04f027294b62; _ga=GA1.2.1030171834.1581133752; PHPSESSID=8m5mjf7dbs0a3ri7625ai7hgg0; _csrf=41763c39395cc01b393d9a268b64fce22993b67c07dfd1259b174fe025f47769a%3A2%3A%7Bi%3A0%3Bs%3A5%3A%22_csrf%22%3Bi%3A1%3Bs%3A32%3A%22hM9phNh6hwgxJBpRtJs-LoXNlmCVGFc6%22%3B%7D; _ga=GA1.3.1030171834.1581133752; _gid=GA1.3.2029108455.1583313906; _hjIncludedInSample=1; _gid=GA1.2.2029108455.1583313906; _gat_UA-1454717-8=1'
    'PATH' => 'C:\\ProgramData\\Oracle\\Java\\javapath;C:\\Windows\\system32;C:\\Windows;C:\\Windows\\System32\\Wbem;C:\\Windows\\System32\\WindowsPowerShell\\v1.0\\;C:\\Windows\\System32\\OpenSSH\\;C:\\Windows\\system32\\config\\systemprofile\\AppData\\Local\\Microsoft\\WindowsApps'
    'SystemRoot' => 'C:\\Windows'
    'COMSPEC' => 'C:\\Windows\\system32\\cmd.exe'
    'PATHEXT' => '.COM;.EXE;.BAT;.CMD;.VBS;.VBE;.JS;.JSE;.WSF;.WSH;.MSC'
    'WINDIR' => 'C:\\Windows'
    'SERVER_SIGNATURE' => '<address>Apache/2.4.39 (Win64) PHP/7.0.33 Server at demo.vaidongxuan.local Port 80</address>
'
    'SERVER_SOFTWARE' => 'Apache/2.4.39 (Win64) PHP/7.0.33'
    'SERVER_NAME' => 'demo.vaidongxuan.local'
    'SERVER_ADDR' => '::1'
    'SERVER_PORT' => '80'
    'REMOTE_ADDR' => '::1'
    'DOCUMENT_ROOT' => 'D:/wamp/www/GIT_VAIDX/demo.vaidongxuan.com'
    'REQUEST_SCHEME' => 'http'
    'CONTEXT_PREFIX' => ''
    'CONTEXT_DOCUMENT_ROOT' => 'D:/wamp/www/GIT_VAIDX/demo.vaidongxuan.com'
    'SERVER_ADMIN' => 'wampserver@wampserver.invalid'
    'SCRIPT_FILENAME' => 'D:/wamp/www/GIT_VAIDX/demo.vaidongxuan.com/index.php'
    'REMOTE_PORT' => '54696'
    'REDIRECT_URL' => '/san-pham/vai-tho/den-tden003'
    'GATEWAY_INTERFACE' => 'CGI/1.1'
    'SERVER_PROTOCOL' => 'HTTP/1.1'
    'REQUEST_METHOD' => 'GET'
    'QUERY_STRING' => ''
    'REQUEST_URI' => '/san-pham/vai-tho/den-tden003'
    'SCRIPT_NAME' => '/index.php'
    'PHP_SELF' => '/index.php'
    'REQUEST_TIME_FLOAT' => 1583313977.791
    'REQUEST_TIME' => 1583313977
]
2020-03-04 09:26:20 [::1][-][-][warning][yii\i18n\PhpMessageSource::loadMessages] The message file for category 'easyii/programmes' does not exist: D:\wamp\www\GIT_VAIDX\demo.vaidongxuan.com\app\modules\programmes\messages/fr/admin.php
    in D:\wamp\www\GIT_VAIDX\demo.vaidongxuan.com\app\modules\programmes\models\Item.php:31
    in D:\wamp\www\GIT_VAIDX\demo.vaidongxuan.com\app\modules\programmes\api\Catalog.php:84
    in D:\wamp\www\GIT_VAIDX\demo.vaidongxuan.com\vendor\noumo\easyii\components\API.php:32
2020-03-04 09:26:20 [::1][-][-][info][application] $_GET = [
    'x' => 'vai-tho'
]

$_COOKIE = [
    '_gcl_au' => '1.1.583052345.1581133752'
    '_fbp' => 'fb.1.1581133752533.1528902382'
    '_hjid' => '388e0411-5c0f-4233-8a91-04f027294b62'
    '_ga' => 'GA1.2.1030171834.1581133752'
    'PHPSESSID' => '8m5mjf7dbs0a3ri7625ai7hgg0'
    '_csrf' => '41763c39395cc01b393d9a268b64fce22993b67c07dfd1259b174fe025f47769a:2:{i:0;s:5:\"_csrf\";i:1;s:32:\"hM9phNh6hwgxJBpRtJs-LoXNlmCVGFc6\";}'
    '_gid' => 'GA1.3.2029108455.1583313906'
    '_hjIncludedInSample' => '1'
    '_gat_UA-1454717-8' => '1'
    '_dc_gtm_UA-1454717-8' => '1'
]

$_SESSION = [
    '__flash' => []
    'ref' => 'http://localhost/'
    'projet' => [
        'programes' => [
            'select' => []
            'view' => []
        ]
        'exclusives' => [
            'select' => []
            'view' => []
        ]
    ]
]

$_SERVER = [
    'REDIRECT_STATUS' => '200'
    'HTTP_HOST' => 'demo.vaidongxuan.local'
    'HTTP_CONNECTION' => 'keep-alive'
    'HTTP_UPGRADE_INSECURE_REQUESTS' => '1'
    'HTTP_USER_AGENT' => 'Mozilla/5.0 (Windows NT 10.0; Win64; x64) AppleWebKit/537.36 (KHTML, like Gecko) Chrome/80.0.3987.122 Safari/537.36'
    'HTTP_ACCEPT' => 'text/html,application/xhtml+xml,application/xml;q=0.9,image/webp,image/apng,*/*;q=0.8,application/signed-exchange;v=b3;q=0.9'
    'HTTP_ACCEPT_ENCODING' => 'gzip, deflate'
    'HTTP_ACCEPT_LANGUAGE' => 'vi-VN,vi;q=0.9,fr-FR;q=0.8,fr;q=0.7,en-US;q=0.6,en;q=0.5,eo;q=0.4'
    'HTTP_COOKIE' => '_gcl_au=1.1.583052345.1581133752; _fbp=fb.1.1581133752533.1528902382; _hjid=388e0411-5c0f-4233-8a91-04f027294b62; _ga=GA1.2.1030171834.1581133752; PHPSESSID=8m5mjf7dbs0a3ri7625ai7hgg0; _csrf=41763c39395cc01b393d9a268b64fce22993b67c07dfd1259b174fe025f47769a%3A2%3A%7Bi%3A0%3Bs%3A5%3A%22_csrf%22%3Bi%3A1%3Bs%3A32%3A%22hM9phNh6hwgxJBpRtJs-LoXNlmCVGFc6%22%3B%7D; _ga=GA1.3.1030171834.1581133752; _gid=GA1.3.2029108455.1583313906; _hjIncludedInSample=1; _gid=GA1.2.2029108455.1583313906; _gat_UA-1454717-8=1; _dc_gtm_UA-1454717-8=1'
    'PATH' => 'C:\\ProgramData\\Oracle\\Java\\javapath;C:\\Windows\\system32;C:\\Windows;C:\\Windows\\System32\\Wbem;C:\\Windows\\System32\\WindowsPowerShell\\v1.0\\;C:\\Windows\\System32\\OpenSSH\\;C:\\Windows\\system32\\config\\systemprofile\\AppData\\Local\\Microsoft\\WindowsApps'
    'SystemRoot' => 'C:\\Windows'
    'COMSPEC' => 'C:\\Windows\\system32\\cmd.exe'
    'PATHEXT' => '.COM;.EXE;.BAT;.CMD;.VBS;.VBE;.JS;.JSE;.WSF;.WSH;.MSC'
    'WINDIR' => 'C:\\Windows'
    'SERVER_SIGNATURE' => '<address>Apache/2.4.39 (Win64) PHP/7.0.33 Server at demo.vaidongxuan.local Port 80</address>
'
    'SERVER_SOFTWARE' => 'Apache/2.4.39 (Win64) PHP/7.0.33'
    'SERVER_NAME' => 'demo.vaidongxuan.local'
    'SERVER_ADDR' => '::1'
    'SERVER_PORT' => '80'
    'REMOTE_ADDR' => '::1'
    'DOCUMENT_ROOT' => 'D:/wamp/www/GIT_VAIDX/demo.vaidongxuan.com'
    'REQUEST_SCHEME' => 'http'
    'CONTEXT_PREFIX' => ''
    'CONTEXT_DOCUMENT_ROOT' => 'D:/wamp/www/GIT_VAIDX/demo.vaidongxuan.com'
    'SERVER_ADMIN' => 'wampserver@wampserver.invalid'
    'SCRIPT_FILENAME' => 'D:/wamp/www/GIT_VAIDX/demo.vaidongxuan.com/index.php'
    'REMOTE_PORT' => '54712'
    'REDIRECT_URL' => '/san-pham/vai-tho'
    'GATEWAY_INTERFACE' => 'CGI/1.1'
    'SERVER_PROTOCOL' => 'HTTP/1.1'
    'REQUEST_METHOD' => 'GET'
    'QUERY_STRING' => ''
    'REQUEST_URI' => '/san-pham/vai-tho'
    'SCRIPT_NAME' => '/index.php'
    'PHP_SELF' => '/index.php'
    'REQUEST_TIME_FLOAT' => 1583313980.787
    'REQUEST_TIME' => 1583313980
]
2020-03-04 09:26:24 [::1][-][8m5mjf7dbs0a3ri7625ai7hgg0][error][yii\web\HttpException:404] yii\base\InvalidRouteException: Unable to resolve the request "san-pham". in D:\wamp\www\GIT_VAIDX\demo.vaidongxuan.com\vendor\yiisoft\yii2\base\Module.php:537
Stack trace:
#0 D:\wamp\www\GIT_VAIDX\demo.vaidongxuan.com\vendor\yiisoft\yii2\web\Application.php(103): yii\base\Module->runAction('san-pham', Array)
#1 D:\wamp\www\GIT_VAIDX\demo.vaidongxuan.com\vendor\yiisoft\yii2\base\Application.php(386): yii\web\Application->handleRequest(Object(yii\web\Request))
#2 D:\wamp\www\GIT_VAIDX\demo.vaidongxuan.com\index.php(65): yii\base\Application->run()
#3 {main}

Next yii\web\NotFoundHttpException: Page non trouvée. in D:\wamp\www\GIT_VAIDX\demo.vaidongxuan.com\vendor\yiisoft\yii2\web\Application.php:115
Stack trace:
#0 D:\wamp\www\GIT_VAIDX\demo.vaidongxuan.com\vendor\yiisoft\yii2\base\Application.php(386): yii\web\Application->handleRequest(Object(yii\web\Request))
#1 D:\wamp\www\GIT_VAIDX\demo.vaidongxuan.com\index.php(65): yii\base\Application->run()
#2 {main}
2020-03-04 09:26:24 [::1][-][8m5mjf7dbs0a3ri7625ai7hgg0][info][application] $_COOKIE = [
    '_gcl_au' => '1.1.583052345.1581133752'
    '_fbp' => 'fb.1.1581133752533.1528902382'
    '_hjid' => '388e0411-5c0f-4233-8a91-04f027294b62'
    '_ga' => 'GA1.2.1030171834.1581133752'
    'PHPSESSID' => '8m5mjf7dbs0a3ri7625ai7hgg0'
    '_csrf' => '41763c39395cc01b393d9a268b64fce22993b67c07dfd1259b174fe025f47769a:2:{i:0;s:5:\"_csrf\";i:1;s:32:\"hM9phNh6hwgxJBpRtJs-LoXNlmCVGFc6\";}'
    '_gid' => 'GA1.3.2029108455.1583313906'
    '_hjIncludedInSample' => '1'
    '_dc_gtm_UA-1454717-8' => '1'
]

$_SESSION = [
    '__flash' => []
    'ref' => 'http://localhost/'
    'projet' => [
        'programes' => [
            'select' => []
            'view' => []
        ]
        'exclusives' => [
            'select' => []
            'view' => []
        ]
    ]
]

$_SERVER = [
    'REDIRECT_STATUS' => '200'
    'HTTP_HOST' => 'demo.vaidongxuan.local'
    'HTTP_CONNECTION' => 'keep-alive'
    'HTTP_UPGRADE_INSECURE_REQUESTS' => '1'
    'HTTP_USER_AGENT' => 'Mozilla/5.0 (Windows NT 10.0; Win64; x64) AppleWebKit/537.36 (KHTML, like Gecko) Chrome/80.0.3987.122 Safari/537.36'
    'HTTP_ACCEPT' => 'text/html,application/xhtml+xml,application/xml;q=0.9,image/webp,image/apng,*/*;q=0.8,application/signed-exchange;v=b3;q=0.9'
    'HTTP_ACCEPT_ENCODING' => 'gzip, deflate'
    'HTTP_ACCEPT_LANGUAGE' => 'vi-VN,vi;q=0.9,fr-FR;q=0.8,fr;q=0.7,en-US;q=0.6,en;q=0.5,eo;q=0.4'
    'HTTP_COOKIE' => '_gcl_au=1.1.583052345.1581133752; _fbp=fb.1.1581133752533.1528902382; _hjid=388e0411-5c0f-4233-8a91-04f027294b62; _ga=GA1.2.1030171834.1581133752; PHPSESSID=8m5mjf7dbs0a3ri7625ai7hgg0; _csrf=41763c39395cc01b393d9a268b64fce22993b67c07dfd1259b174fe025f47769a%3A2%3A%7Bi%3A0%3Bs%3A5%3A%22_csrf%22%3Bi%3A1%3Bs%3A32%3A%22hM9phNh6hwgxJBpRtJs-LoXNlmCVGFc6%22%3B%7D; _ga=GA1.3.1030171834.1581133752; _gid=GA1.3.2029108455.1583313906; _hjIncludedInSample=1; _gid=GA1.2.2029108455.1583313906; _dc_gtm_UA-1454717-8=1'
    'PATH' => 'C:\\ProgramData\\Oracle\\Java\\javapath;C:\\Windows\\system32;C:\\Windows;C:\\Windows\\System32\\Wbem;C:\\Windows\\System32\\WindowsPowerShell\\v1.0\\;C:\\Windows\\System32\\OpenSSH\\;C:\\Windows\\system32\\config\\systemprofile\\AppData\\Local\\Microsoft\\WindowsApps'
    'SystemRoot' => 'C:\\Windows'
    'COMSPEC' => 'C:\\Windows\\system32\\cmd.exe'
    'PATHEXT' => '.COM;.EXE;.BAT;.CMD;.VBS;.VBE;.JS;.JSE;.WSF;.WSH;.MSC'
    'WINDIR' => 'C:\\Windows'
    'SERVER_SIGNATURE' => '<address>Apache/2.4.39 (Win64) PHP/7.0.33 Server at demo.vaidongxuan.local Port 80</address>
'
    'SERVER_SOFTWARE' => 'Apache/2.4.39 (Win64) PHP/7.0.33'
    'SERVER_NAME' => 'demo.vaidongxuan.local'
    'SERVER_ADDR' => '::1'
    'SERVER_PORT' => '80'
    'REMOTE_ADDR' => '::1'
    'DOCUMENT_ROOT' => 'D:/wamp/www/GIT_VAIDX/demo.vaidongxuan.com'
    'REQUEST_SCHEME' => 'http'
    'CONTEXT_PREFIX' => ''
    'CONTEXT_DOCUMENT_ROOT' => 'D:/wamp/www/GIT_VAIDX/demo.vaidongxuan.com'
    'SERVER_ADMIN' => 'wampserver@wampserver.invalid'
    'SCRIPT_FILENAME' => 'D:/wamp/www/GIT_VAIDX/demo.vaidongxuan.com/index.php'
    'REMOTE_PORT' => '54712'
    'REDIRECT_URL' => '/san-pham'
    'GATEWAY_INTERFACE' => 'CGI/1.1'
    'SERVER_PROTOCOL' => 'HTTP/1.1'
    'REQUEST_METHOD' => 'GET'
    'QUERY_STRING' => ''
    'REQUEST_URI' => '/san-pham'
    'SCRIPT_NAME' => '/index.php'
    'PHP_SELF' => '/index.php'
    'REQUEST_TIME_FLOAT' => 1583313984.552
    'REQUEST_TIME' => 1583313984
]
2020-03-04 09:26:27 [::1][-][-][warning][yii\i18n\PhpMessageSource::loadMessages] The message file for category 'easyii/programmes' does not exist: D:\wamp\www\GIT_VAIDX\demo.vaidongxuan.com\app\modules\programmes\messages/fr/admin.php
    in D:\wamp\www\GIT_VAIDX\demo.vaidongxuan.com\app\modules\programmes\models\Item.php:31
    in D:\wamp\www\GIT_VAIDX\demo.vaidongxuan.com\app\modules\programmes\api\Catalog.php:84
    in D:\wamp\www\GIT_VAIDX\demo.vaidongxuan.com\vendor\noumo\easyii\components\API.php:32
2020-03-04 09:26:27 [::1][-][-][info][application] $_COOKIE = [
    '_gcl_au' => '1.1.583052345.1581133752'
    '_fbp' => 'fb.1.1581133752533.1528902382'
    '_hjid' => '388e0411-5c0f-4233-8a91-04f027294b62'
    '_ga' => 'GA1.2.1030171834.1581133752'
    'PHPSESSID' => '8m5mjf7dbs0a3ri7625ai7hgg0'
    '_csrf' => '41763c39395cc01b393d9a268b64fce22993b67c07dfd1259b174fe025f47769a:2:{i:0;s:5:\"_csrf\";i:1;s:32:\"hM9phNh6hwgxJBpRtJs-LoXNlmCVGFc6\";}'
    '_gid' => 'GA1.3.2029108455.1583313906'
    '_hjIncludedInSample' => '1'
    '_dc_gtm_UA-1454717-8' => '1'
    '_gat_UA-1454717-8' => '1'
]

$_SESSION = [
    '__flash' => []
    'ref' => 'http://localhost/'
    'projet' => [
        'programes' => [
            'select' => []
            'view' => []
        ]
        'exclusives' => [
            'select' => []
            'view' => []
        ]
    ]
]

$_SERVER = [
    'HTTP_HOST' => 'demo.vaidongxuan.local'
    'HTTP_CONNECTION' => 'keep-alive'
    'HTTP_UPGRADE_INSECURE_REQUESTS' => '1'
    'HTTP_USER_AGENT' => 'Mozilla/5.0 (Windows NT 10.0; Win64; x64) AppleWebKit/537.36 (KHTML, like Gecko) Chrome/80.0.3987.122 Safari/537.36'
    'HTTP_ACCEPT' => 'text/html,application/xhtml+xml,application/xml;q=0.9,image/webp,image/apng,*/*;q=0.8,application/signed-exchange;v=b3;q=0.9'
    'HTTP_REFERER' => 'http://demo.vaidongxuan.local/san-pham'
    'HTTP_ACCEPT_ENCODING' => 'gzip, deflate'
    'HTTP_ACCEPT_LANGUAGE' => 'vi-VN,vi;q=0.9,fr-FR;q=0.8,fr;q=0.7,en-US;q=0.6,en;q=0.5,eo;q=0.4'
    'HTTP_COOKIE' => '_gcl_au=1.1.583052345.1581133752; _fbp=fb.1.1581133752533.1528902382; _hjid=388e0411-5c0f-4233-8a91-04f027294b62; _ga=GA1.2.1030171834.1581133752; PHPSESSID=8m5mjf7dbs0a3ri7625ai7hgg0; _csrf=41763c39395cc01b393d9a268b64fce22993b67c07dfd1259b174fe025f47769a%3A2%3A%7Bi%3A0%3Bs%3A5%3A%22_csrf%22%3Bi%3A1%3Bs%3A32%3A%22hM9phNh6hwgxJBpRtJs-LoXNlmCVGFc6%22%3B%7D; _ga=GA1.3.1030171834.1581133752; _gid=GA1.3.2029108455.1583313906; _hjIncludedInSample=1; _gid=GA1.2.2029108455.1583313906; _dc_gtm_UA-1454717-8=1; _gat_UA-1454717-8=1'
    'PATH' => 'C:\\ProgramData\\Oracle\\Java\\javapath;C:\\Windows\\system32;C:\\Windows;C:\\Windows\\System32\\Wbem;C:\\Windows\\System32\\WindowsPowerShell\\v1.0\\;C:\\Windows\\System32\\OpenSSH\\;C:\\Windows\\system32\\config\\systemprofile\\AppData\\Local\\Microsoft\\WindowsApps'
    'SystemRoot' => 'C:\\Windows'
    'COMSPEC' => 'C:\\Windows\\system32\\cmd.exe'
    'PATHEXT' => '.COM;.EXE;.BAT;.CMD;.VBS;.VBE;.JS;.JSE;.WSF;.WSH;.MSC'
    'WINDIR' => 'C:\\Windows'
    'SERVER_SIGNATURE' => '<address>Apache/2.4.39 (Win64) PHP/7.0.33 Server at demo.vaidongxuan.local Port 80</address>
'
    'SERVER_SOFTWARE' => 'Apache/2.4.39 (Win64) PHP/7.0.33'
    'SERVER_NAME' => 'demo.vaidongxuan.local'
    'SERVER_ADDR' => '::1'
    'SERVER_PORT' => '80'
    'REMOTE_ADDR' => '::1'
    'DOCUMENT_ROOT' => 'D:/wamp/www/GIT_VAIDX/demo.vaidongxuan.com'
    'REQUEST_SCHEME' => 'http'
    'CONTEXT_PREFIX' => ''
    'CONTEXT_DOCUMENT_ROOT' => 'D:/wamp/www/GIT_VAIDX/demo.vaidongxuan.com'
    'SERVER_ADMIN' => 'wampserver@wampserver.invalid'
    'SCRIPT_FILENAME' => 'D:/wamp/www/GIT_VAIDX/demo.vaidongxuan.com/index.php'
    'REMOTE_PORT' => '54711'
    'GATEWAY_INTERFACE' => 'CGI/1.1'
    'SERVER_PROTOCOL' => 'HTTP/1.1'
    'REQUEST_METHOD' => 'GET'
    'QUERY_STRING' => ''
    'REQUEST_URI' => '/'
    'SCRIPT_NAME' => '/index.php'
    'PHP_SELF' => '/index.php'
    'REQUEST_TIME_FLOAT' => 1583313987.133
    'REQUEST_TIME' => 1583313987
]
2020-03-04 09:26:38 [::1][-][-][warning][yii\i18n\PhpMessageSource::loadMessages] The message file for category 'easyii/programmes' does not exist: D:\wamp\www\GIT_VAIDX\demo.vaidongxuan.com\app\modules\programmes\messages/fr/admin.php
    in D:\wamp\www\GIT_VAIDX\demo.vaidongxuan.com\app\modules\programmes\models\Item.php:31
    in D:\wamp\www\GIT_VAIDX\demo.vaidongxuan.com\app\modules\programmes\api\Catalog.php:84
    in D:\wamp\www\GIT_VAIDX\demo.vaidongxuan.com\vendor\noumo\easyii\components\API.php:32
2020-03-04 09:26:38 [::1][-][-][info][application] $_GET = [
    'x' => 'kaki'
]

$_COOKIE = [
    '_gcl_au' => '1.1.583052345.1581133752'
    '_fbp' => 'fb.1.1581133752533.1528902382'
    '_hjid' => '388e0411-5c0f-4233-8a91-04f027294b62'
    '_ga' => 'GA1.2.1030171834.1581133752'
    'PHPSESSID' => '8m5mjf7dbs0a3ri7625ai7hgg0'
    '_csrf' => '41763c39395cc01b393d9a268b64fce22993b67c07dfd1259b174fe025f47769a:2:{i:0;s:5:\"_csrf\";i:1;s:32:\"hM9phNh6hwgxJBpRtJs-LoXNlmCVGFc6\";}'
    '_gid' => 'GA1.3.2029108455.1583313906'
    '_hjIncludedInSample' => '1'
    '_dc_gtm_UA-1454717-8' => '1'
    '_gat_UA-1454717-8' => '1'
]

$_SESSION = [
    '__flash' => []
    'ref' => 'http://localhost/'
    'projet' => [
        'programes' => [
            'select' => []
            'view' => []
        ]
        'exclusives' => [
            'select' => []
            'view' => []
        ]
    ]
]

$_SERVER = [
    'REDIRECT_STATUS' => '200'
    'HTTP_HOST' => 'demo.vaidongxuan.local'
    'HTTP_CONNECTION' => 'keep-alive'
    'HTTP_UPGRADE_INSECURE_REQUESTS' => '1'
    'HTTP_USER_AGENT' => 'Mozilla/5.0 (Windows NT 10.0; Win64; x64) AppleWebKit/537.36 (KHTML, like Gecko) Chrome/80.0.3987.122 Safari/537.36'
    'HTTP_ACCEPT' => 'text/html,application/xhtml+xml,application/xml;q=0.9,image/webp,image/apng,*/*;q=0.8,application/signed-exchange;v=b3;q=0.9'
    'HTTP_REFERER' => 'http://demo.vaidongxuan.local/'
    'HTTP_ACCEPT_ENCODING' => 'gzip, deflate'
    'HTTP_ACCEPT_LANGUAGE' => 'vi-VN,vi;q=0.9,fr-FR;q=0.8,fr;q=0.7,en-US;q=0.6,en;q=0.5,eo;q=0.4'
    'HTTP_COOKIE' => '_gcl_au=1.1.583052345.1581133752; _fbp=fb.1.1581133752533.1528902382; _hjid=388e0411-5c0f-4233-8a91-04f027294b62; _ga=GA1.2.1030171834.1581133752; PHPSESSID=8m5mjf7dbs0a3ri7625ai7hgg0; _csrf=41763c39395cc01b393d9a268b64fce22993b67c07dfd1259b174fe025f47769a%3A2%3A%7Bi%3A0%3Bs%3A5%3A%22_csrf%22%3Bi%3A1%3Bs%3A32%3A%22hM9phNh6hwgxJBpRtJs-LoXNlmCVGFc6%22%3B%7D; _ga=GA1.3.1030171834.1581133752; _gid=GA1.3.2029108455.1583313906; _hjIncludedInSample=1; _gid=GA1.2.2029108455.1583313906; _dc_gtm_UA-1454717-8=1; _gat_UA-1454717-8=1'
    'PATH' => 'C:\\ProgramData\\Oracle\\Java\\javapath;C:\\Windows\\system32;C:\\Windows;C:\\Windows\\System32\\Wbem;C:\\Windows\\System32\\WindowsPowerShell\\v1.0\\;C:\\Windows\\System32\\OpenSSH\\;C:\\Windows\\system32\\config\\systemprofile\\AppData\\Local\\Microsoft\\WindowsApps'
    'SystemRoot' => 'C:\\Windows'
    'COMSPEC' => 'C:\\Windows\\system32\\cmd.exe'
    'PATHEXT' => '.COM;.EXE;.BAT;.CMD;.VBS;.VBE;.JS;.JSE;.WSF;.WSH;.MSC'
    'WINDIR' => 'C:\\Windows'
    'SERVER_SIGNATURE' => '<address>Apache/2.4.39 (Win64) PHP/7.0.33 Server at demo.vaidongxuan.local Port 80</address>
'
    'SERVER_SOFTWARE' => 'Apache/2.4.39 (Win64) PHP/7.0.33'
    'SERVER_NAME' => 'demo.vaidongxuan.local'
    'SERVER_ADDR' => '::1'
    'SERVER_PORT' => '80'
    'REMOTE_ADDR' => '::1'
    'DOCUMENT_ROOT' => 'D:/wamp/www/GIT_VAIDX/demo.vaidongxuan.com'
    'REQUEST_SCHEME' => 'http'
    'CONTEXT_PREFIX' => ''
    'CONTEXT_DOCUMENT_ROOT' => 'D:/wamp/www/GIT_VAIDX/demo.vaidongxuan.com'
    'SERVER_ADMIN' => 'wampserver@wampserver.invalid'
    'SCRIPT_FILENAME' => 'D:/wamp/www/GIT_VAIDX/demo.vaidongxuan.com/index.php'
    'REMOTE_PORT' => '54743'
    'REDIRECT_URL' => '/san-pham/kaki'
    'GATEWAY_INTERFACE' => 'CGI/1.1'
    'SERVER_PROTOCOL' => 'HTTP/1.1'
    'REQUEST_METHOD' => 'GET'
    'QUERY_STRING' => ''
    'REQUEST_URI' => '/san-pham/kaki'
    'SCRIPT_NAME' => '/index.php'
    'PHP_SELF' => '/index.php'
    'REQUEST_TIME_FLOAT' => 1583313998.184
    'REQUEST_TIME' => 1583313998
]
